[ 2017-12-27T12:40:40+08:00 ] ::1 /cron.php
INFO: [ app_init ] --START--
INFO: Run Behavior\BuildLiteBehavior [ RunTime:0.000015s ]
INFO: [ app_init ] --END-- [ RunTime:0.000403s ]
INFO: [ app_begin ] --START--
INFO: Run Behavior\ReadHtmlCacheBehavior [ RunTime:0.000616s ]
INFO: [ app_begin ] --END-- [ RunTime:0.000680s ]
NOTIC: [2048] Declaration of Home\Controller\CommonController::error() should be compatible with that of Think\Controller::error() D:\Software\PhpStudy\PhpStudy\WWW\Alumni\Application\Home\Controller\CommonController.class.php 第 24 行.
NOTIC: [2048] Declaration of Common\Model\NewsModel::find() should be compatible with that of Think\Model::find() D:\Software\PhpStudy\PhpStudy\WWW\Alumni\Application\Common\Model\NewsModel.class.php 第 9 行.
ERR: 1146:Table 'alumni.alumni_news' doesn't exist
 [ SQL语句 ] : SHOW COLUMNS FROM `alumni_news`
ERR: 1146:Table 'alumni.alumni_news' doesn't exist
 [ SQL语句 ] : SHOW COLUMNS FROM `alumni_news`

[ 2017-12-27T12:42:18+08:00 ] ::1 /index.php
INFO: [ app_init ] --START--
INFO: Run Behavior\BuildLiteBehavior [ RunTime:0.000040s ]
INFO: [ app_init ] --END-- [ RunTime:0.001507s ]
INFO: [ app_begin ] --START--
INFO: Run Behavior\ReadHtmlCacheBehavior [ RunTime:0.000648s ]
INFO: [ app_begin ] --END-- [ RunTime:0.000729s ]
NOTIC: [2048] Declaration of Home\Controller\CommonController::error() should be compatible with that of Think\Controller::error() D:\Software\PhpStudy\PhpStudy\WWW\Alumni\Application\Home\Controller\CommonController.class.php 第 24 行.
NOTIC: [2048] Declaration of Common\Model\NewsModel::find() should be compatible with that of Think\Model::find() D:\Software\PhpStudy\PhpStudy\WWW\Alumni\Application\Common\Model\NewsModel.class.php 第 9 行.
ERR: 1146:Table 'alumni.alumni_news' doesn't exist
 [ SQL语句 ] : SHOW COLUMNS FROM `alumni_news`
ERR: 1146:Table 'alumni.alumni_news' doesn't exist
 [ SQL语句 ] : SHOW COLUMNS FROM `alumni_news`

[ 2017-12-27T16:15:56+08:00 ] ::1 /index.php?c=index&a=build_html
INFO: [ app_init ] --START--
INFO: Run Behavior\BuildLiteBehavior [ RunTime:0.000018s ]
INFO: [ app_init ] --END-- [ RunTime:0.000335s ]
INFO: [ app_begin ] --START--
INFO: Run Behavior\ReadHtmlCacheBehavior [ RunTime:0.000458s ]
INFO: [ app_begin ] --END-- [ RunTime:0.000535s ]
NOTIC: [2048] Declaration of Home\Controller\CommonController::error() should be compatible with that of Think\Controller::error() D:\Software\PhpStudy\PhpStudy\WWW\Alumni\Application\Home\Controller\CommonController.class.php 第 24 行.
NOTIC: [2048] Declaration of Common\Model\NewsModel::find() should be compatible with that of Think\Model::find() D:\Software\PhpStudy\PhpStudy\WWW\Alumni\Application\Common\Model\NewsModel.class.php 第 9 行.
SQL: SHOW COLUMNS FROM `cms_news` [ RunTime:0.0125s ]
SQL: SELECT * FROM `cms_news` WHERE `status` = 1 ORDER BY count desc,news_id desc  LIMIT 10   [ RunTime:0.0024s ]
NOTIC: [2048] Declaration of Common\Model\PositionContentModel::find() should be compatible with that of Think\Model::find() D:\Software\PhpStudy\PhpStudy\WWW\Alumni\Application\Common\Model\PositionContentModel.class.php 第 89 行.
SQL: SHOW COLUMNS FROM `cms_position_content` [ RunTime:0.0085s ]
NOTIC: [8] Undefined index: title D:\Software\PhpStudy\PhpStudy\WWW\Alumni\Application\Common\Model\PositionContentModel.class.php 第 18 行.
SQL: SELECT * FROM `cms_position_content` WHERE `status` = 1 AND `position_id` = 2 ORDER BY listorder desc ,id desc LIMIT 1   [ RunTime:0.0010s ]
NOTIC: [8] Undefined index: title D:\Software\PhpStudy\PhpStudy\WWW\Alumni\Application\Common\Model\PositionContentModel.class.php 第 18 行.
SQL: SELECT * FROM `cms_position_content` WHERE `status` = 1 AND `position_id` = 3 ORDER BY listorder desc ,id desc LIMIT 3   [ RunTime:0.0009s ]
SQL: SELECT * FROM `cms_news` WHERE `status` = 1 AND `thumb` <> '' ORDER BY news_id desc LIMIT 30   [ RunTime:0.0011s ]
NOTIC: [8] Undefined index: title D:\Software\PhpStudy\PhpStudy\WWW\Alumni\Application\Common\Model\PositionContentModel.class.php 第 18 行.
SQL: SELECT * FROM `cms_position_content` WHERE `status` = 1 AND `position_id` = 5 ORDER BY listorder desc ,id desc LIMIT 2   [ RunTime:0.0009s ]
INFO: [ view_parse ] --START--
INFO: [ template_filter ] --START--
INFO: Run Behavior\ContentReplaceBehavior [ RunTime:0.000244s ]
INFO: [ template_filter ] --END-- [ RunTime:0.000436s ]
NOTIC: [2048] Declaration of Common\Model\BasicModel::save() should be compatible with that of Think\Model::save() D:\Software\PhpStudy\PhpStudy\WWW\Alumni\Application\Common\Model\BasicModel.class.php 第 30 行.
NOTIC: [2048] Declaration of Common\Model\BasicModel::select() should be compatible with that of Think\Model::select() D:\Software\PhpStudy\PhpStudy\WWW\Alumni\Application\Common\Model\BasicModel.class.php 第 30 行.
NOTIC: [2048] Declaration of Common\Model\MenuModel::find() should be compatible with that of Think\Model::find() D:\Software\PhpStudy\PhpStudy\WWW\Alumni\Application\Common\Model\MenuModel.class.php 第 92 行.
SQL: SHOW COLUMNS FROM `cms_menu` [ RunTime:0.0071s ]
SQL: SELECT * FROM `cms_menu` WHERE `status` = 1 AND `type` = 0 ORDER BY listorder desc,menu_id desc  [ RunTime:0.0014s ]
NOTIC: [8] Undefined index: name D:\Software\PhpStudy\PhpStudy\WWW\Alumni\Application\Runtime\Cache\Home\2a94b8bda04ff446dcedd42276fc99ee.php 第 80 行.
NOTIC: [8] Undefined index: name D:\Software\PhpStudy\PhpStudy\WWW\Alumni\Application\Runtime\Cache\Home\2a94b8bda04ff446dcedd42276fc99ee.php 第 80 行.
INFO: Run Behavior\ParseTemplateBehavior [ RunTime:0.180882s ]
INFO: [ view_parse ] --END-- [ RunTime:0.181037s ]
INFO: [ view_filter ] --START--
INFO: Run Behavior\WriteHtmlCacheBehavior [ RunTime:0.001401s ]
INFO: [ view_filter ] --END-- [ RunTime:0.001605s ]

[ 2017-12-27T16:17:11+08:00 ] ::1 /index.php/
INFO: [ app_init ] --START--
INFO: Run Behavior\BuildLiteBehavior [ RunTime:0.000016s ]
INFO: [ app_init ] --END-- [ RunTime:0.000395s ]
INFO: [ app_begin ] --START--
INFO: Run Behavior\ReadHtmlCacheBehavior [ RunTime:0.000471s ]
INFO: [ app_begin ] --END-- [ RunTime:0.000540s ]
NOTIC: [2048] Declaration of Home\Controller\CommonController::error() should be compatible with that of Think\Controller::error() D:\Software\PhpStudy\PhpStudy\WWW\Alumni\Application\Home\Controller\CommonController.class.php 第 24 行.
NOTIC: [2048] Declaration of Common\Model\NewsModel::find() should be compatible with that of Think\Model::find() D:\Software\PhpStudy\PhpStudy\WWW\Alumni\Application\Common\Model\NewsModel.class.php 第 9 行.
SQL: SHOW COLUMNS FROM `cms_news` [ RunTime:0.0133s ]
SQL: SELECT * FROM `cms_news` WHERE `status` = 1 ORDER BY count desc,news_id desc  LIMIT 10   [ RunTime:0.0022s ]
NOTIC: [2048] Declaration of Common\Model\PositionContentModel::find() should be compatible with that of Think\Model::find() D:\Software\PhpStudy\PhpStudy\WWW\Alumni\Application\Common\Model\PositionContentModel.class.php 第 89 行.
SQL: SHOW COLUMNS FROM `cms_position_content` [ RunTime:0.0123s ]
NOTIC: [8] Undefined index: title D:\Software\PhpStudy\PhpStudy\WWW\Alumni\Application\Common\Model\PositionContentModel.class.php 第 18 行.
SQL: SELECT * FROM `cms_position_content` WHERE `status` = 1 AND `position_id` = 2 ORDER BY listorder desc ,id desc LIMIT 1   [ RunTime:0.0009s ]
NOTIC: [8] Undefined index: title D:\Software\PhpStudy\PhpStudy\WWW\Alumni\Application\Common\Model\PositionContentModel.class.php 第 18 行.
SQL: SELECT * FROM `cms_position_content` WHERE `status` = 1 AND `position_id` = 3 ORDER BY listorder desc ,id desc LIMIT 3   [ RunTime:0.0009s ]
SQL: SELECT * FROM `cms_news` WHERE `status` = 1 AND `thumb` <> '' ORDER BY news_id desc LIMIT 30   [ RunTime:0.0011s ]
NOTIC: [8] Undefined index: title D:\Software\PhpStudy\PhpStudy\WWW\Alumni\Application\Common\Model\PositionContentModel.class.php 第 18 行.
SQL: SELECT * FROM `cms_position_content` WHERE `status` = 1 AND `position_id` = 5 ORDER BY listorder desc ,id desc LIMIT 2   [ RunTime:0.0009s ]
INFO: [ view_parse ] --START--
INFO: [ template_filter ] --START--
INFO: Run Behavior\ContentReplaceBehavior [ RunTime:0.000121s ]
INFO: [ template_filter ] --END-- [ RunTime:0.000249s ]
NOTIC: [2048] Declaration of Common\Model\BasicModel::save() should be compatible with that of Think\Model::save() D:\Software\PhpStudy\PhpStudy\WWW\Alumni\Application\Common\Model\BasicModel.class.php 第 30 行.
NOTIC: [2048] Declaration of Common\Model\BasicModel::select() should be compatible with that of Think\Model::select() D:\Software\PhpStudy\PhpStudy\WWW\Alumni\Application\Common\Model\BasicModel.class.php 第 30 行.
NOTIC: [2048] Declaration of Common\Model\MenuModel::find() should be compatible with that of Think\Model::find() D:\Software\PhpStudy\PhpStudy\WWW\Alumni\Application\Common\Model\MenuModel.class.php 第 92 行.
SQL: SHOW COLUMNS FROM `cms_menu` [ RunTime:0.0044s ]
SQL: SELECT * FROM `cms_menu` WHERE `status` = 1 AND `type` = 0 ORDER BY listorder desc,menu_id desc  [ RunTime:0.0007s ]
NOTIC: [8] Undefined index: name D:\Software\PhpStudy\PhpStudy\WWW\Alumni\Application\Runtime\Cache\Home\2a94b8bda04ff446dcedd42276fc99ee.php 第 80 行.
NOTIC: [8] Undefined index: name D:\Software\PhpStudy\PhpStudy\WWW\Alumni\Application\Runtime\Cache\Home\2a94b8bda04ff446dcedd42276fc99ee.php 第 80 行.
INFO: Run Behavior\ParseTemplateBehavior [ RunTime:0.031115s ]
INFO: [ view_parse ] --END-- [ RunTime:0.031200s ]
INFO: [ view_filter ] --START--
INFO: Run Behavior\WriteHtmlCacheBehavior [ RunTime:0.000656s ]
INFO: [ view_filter ] --END-- [ RunTime:0.000714s ]
INFO: [ app_end ] --START--
INFO: Run Behavior\ShowPageTraceBehavior [ RunTime:0.000788s ]
INFO: [ app_end ] --END-- [ RunTime:0.000854s ]

[ 2017-12-27T16:17:13+08:00 ] ::1 /index.php?c=index&a=getCount
INFO: [ app_init ] --START--
INFO: Run Behavior\BuildLiteBehavior [ RunTime:0.000028s ]
INFO: [ app_init ] --END-- [ RunTime:0.000635s ]
INFO: [ app_begin ] --START--
INFO: Run Behavior\ReadHtmlCacheBehavior [ RunTime:0.000732s ]
INFO: [ app_begin ] --END-- [ RunTime:0.000850s ]
NOTIC: [2048] Declaration of Home\Controller\CommonController::error() should be compatible with that of Think\Controller::error() D:\Software\PhpStudy\PhpStudy\WWW\Alumni\Application\Home\Controller\CommonController.class.php 第 24 行.
NOTIC: [2048] Declaration of Common\Model\NewsModel::find() should be compatible with that of Think\Model::find() D:\Software\PhpStudy\PhpStudy\WWW\Alumni\Application\Common\Model\NewsModel.class.php 第 9 行.
SQL: SHOW COLUMNS FROM `cms_news` [ RunTime:0.0162s ]
SQL: SELECT * FROM `cms_news` WHERE `news_id` IN ('24','23','22','21')  [ RunTime:0.0211s ]

[ 2017-12-27T16:17:21+08:00 ] ::1 /cron.php/
INFO: [ app_init ] --START--
INFO: Run Behavior\BuildLiteBehavior [ RunTime:0.000031s ]
INFO: [ app_init ] --END-- [ RunTime:0.000619s ]
INFO: [ app_begin ] --START--
INFO: Run Behavior\ReadHtmlCacheBehavior [ RunTime:0.000457s ]
INFO: [ app_begin ] --END-- [ RunTime:0.000528s ]
NOTIC: [2048] Declaration of Home\Controller\CommonController::error() should be compatible with that of Think\Controller::error() D:\Software\PhpStudy\PhpStudy\WWW\Alumni\Application\Home\Controller\CommonController.class.php 第 24 行.
NOTIC: [2048] Declaration of Common\Model\NewsModel::find() should be compatible with that of Think\Model::find() D:\Software\PhpStudy\PhpStudy\WWW\Alumni\Application\Common\Model\NewsModel.class.php 第 9 行.
SQL: SHOW COLUMNS FROM `cms_news` [ RunTime:0.0134s ]
SQL: SELECT * FROM `cms_news` WHERE `status` = 1 ORDER BY count desc,news_id desc  LIMIT 10   [ RunTime:0.0021s ]
NOTIC: [2048] Declaration of Common\Model\PositionContentModel::find() should be compatible with that of Think\Model::find() D:\Software\PhpStudy\PhpStudy\WWW\Alumni\Application\Common\Model\PositionContentModel.class.php 第 89 行.
SQL: SHOW COLUMNS FROM `cms_position_content` [ RunTime:0.0131s ]
NOTIC: [8] Undefined index: title D:\Software\PhpStudy\PhpStudy\WWW\Alumni\Application\Common\Model\PositionContentModel.class.php 第 18 行.
SQL: SELECT * FROM `cms_position_content` WHERE `status` = 1 AND `position_id` = 2 ORDER BY listorder desc ,id desc LIMIT 1   [ RunTime:0.0016s ]
NOTIC: [8] Undefined index: title D:\Software\PhpStudy\PhpStudy\WWW\Alumni\Application\Common\Model\PositionContentModel.class.php 第 18 行.
SQL: SELECT * FROM `cms_position_content` WHERE `status` = 1 AND `position_id` = 3 ORDER BY listorder desc ,id desc LIMIT 3   [ RunTime:0.0019s ]
SQL: SELECT * FROM `cms_news` WHERE `status` = 1 AND `thumb` <> '' ORDER BY news_id desc LIMIT 30   [ RunTime:0.0025s ]
NOTIC: [8] Undefined index: title D:\Software\PhpStudy\PhpStudy\WWW\Alumni\Application\Common\Model\PositionContentModel.class.php 第 18 行.
SQL: SELECT * FROM `cms_position_content` WHERE `status` = 1 AND `position_id` = 5 ORDER BY listorder desc ,id desc LIMIT 2   [ RunTime:0.0020s ]
INFO: [ view_parse ] --START--
INFO: [ template_filter ] --START--
INFO: Run Behavior\ContentReplaceBehavior [ RunTime:0.000115s ]
INFO: [ template_filter ] --END-- [ RunTime:0.000236s ]
NOTIC: [2048] Declaration of Common\Model\BasicModel::save() should be compatible with that of Think\Model::save() D:\Software\PhpStudy\PhpStudy\WWW\Alumni\Application\Common\Model\BasicModel.class.php 第 30 行.
NOTIC: [2048] Declaration of Common\Model\BasicModel::select() should be compatible with that of Think\Model::select() D:\Software\PhpStudy\PhpStudy\WWW\Alumni\Application\Common\Model\BasicModel.class.php 第 30 行.
NOTIC: [2048] Declaration of Common\Model\MenuModel::find() should be compatible with that of Think\Model::find() D:\Software\PhpStudy\PhpStudy\WWW\Alumni\Application\Common\Model\MenuModel.class.php 第 92 行.
SQL: SHOW COLUMNS FROM `cms_menu` [ RunTime:0.0135s ]
SQL: SELECT * FROM `cms_menu` WHERE `status` = 1 AND `type` = 0 ORDER BY listorder desc,menu_id desc  [ RunTime:0.0010s ]
NOTIC: [8] Undefined index: name D:\Software\PhpStudy\PhpStudy\WWW\Alumni\Application\Runtime\Cache\Home\d6165860e348bd1744172611e9ec60e7.php 第 80 行.
NOTIC: [8] Undefined index: name D:\Software\PhpStudy\PhpStudy\WWW\Alumni\Application\Runtime\Cache\Home\d6165860e348bd1744172611e9ec60e7.php 第 80 行.
INFO: Run Behavior\ParseTemplateBehavior [ RunTime:0.152253s ]
INFO: [ view_parse ] --END-- [ RunTime:0.152363s ]
INFO: [ view_filter ] --START--
INFO: Run Behavior\WriteHtmlCacheBehavior [ RunTime:0.001004s ]
INFO: [ view_filter ] --END-- [ RunTime:0.001105s ]
INFO: [ app_end ] --START--
INFO: Run Behavior\ShowPageTraceBehavior [ RunTime:0.001212s ]
INFO: [ app_end ] --END-- [ RunTime:0.001311s ]

[ 2017-12-27T16:17:24+08:00 ] ::1 /index.php?c=index&a=getCount
INFO: [ app_init ] --START--
INFO: Run Behavior\BuildLiteBehavior [ RunTime:0.000014s ]
INFO: [ app_init ] --END-- [ RunTime:0.000309s ]
INFO: [ app_begin ] --START--
INFO: Run Behavior\ReadHtmlCacheBehavior [ RunTime:0.000554s ]
INFO: [ app_begin ] --END-- [ RunTime:0.000635s ]
NOTIC: [2048] Declaration of Home\Controller\CommonController::error() should be compatible with that of Think\Controller::error() D:\Software\PhpStudy\PhpStudy\WWW\Alumni\Application\Home\Controller\CommonController.class.php 第 24 行.
NOTIC: [2048] Declaration of Common\Model\NewsModel::find() should be compatible with that of Think\Model::find() D:\Software\PhpStudy\PhpStudy\WWW\Alumni\Application\Common\Model\NewsModel.class.php 第 9 行.
SQL: SHOW COLUMNS FROM `cms_news` [ RunTime:0.0127s ]
SQL: SELECT * FROM `cms_news` WHERE `news_id` IN ('24','23','22','21')  [ RunTime:0.0021s ]

[ 2017-12-27T16:17:42+08:00 ] ::1 /index.php?c=index&a=getCount
INFO: [ app_init ] --START--
INFO: Run Behavior\BuildLiteBehavior [ RunTime:0.000017s ]
INFO: [ app_init ] --END-- [ RunTime:0.000398s ]
INFO: [ app_begin ] --START--
INFO: Run Behavior\ReadHtmlCacheBehavior [ RunTime:0.000469s ]
INFO: [ app_begin ] --END-- [ RunTime:0.000535s ]
NOTIC: [2048] Declaration of Home\Controller\CommonController::error() should be compatible with that of Think\Controller::error() D:\Software\PhpStudy\PhpStudy\WWW\Alumni\Application\Home\Controller\CommonController.class.php 第 24 行.
NOTIC: [2048] Declaration of Common\Model\NewsModel::find() should be compatible with that of Think\Model::find() D:\Software\PhpStudy\PhpStudy\WWW\Alumni\Application\Common\Model\NewsModel.class.php 第 9 行.
SQL: SHOW COLUMNS FROM `cms_news` [ RunTime:0.0033s ]
SQL: SELECT * FROM `cms_news` WHERE `news_id` IN ('24','23','22','21')  [ RunTime:0.0006s ]

[ 2017-12-27T16:33:10+08:00 ] ::1 /cron.php
INFO: [ app_init ] --START--
INFO: Run Behavior\BuildLiteBehavior [ RunTime:0.000019s ]
INFO: [ app_init ] --END-- [ RunTime:0.000482s ]
INFO: [ app_begin ] --START--
INFO: Run Behavior\ReadHtmlCacheBehavior [ RunTime:0.000841s ]
INFO: [ app_begin ] --END-- [ RunTime:0.000936s ]
NOTIC: [2048] Declaration of Home\Controller\CommonController::error() should be compatible with that of Think\Controller::error() D:\Software\PhpStudy\PhpStudy\WWW\Alumni\Application\Home\Controller\CommonController.class.php 第 24 行.
NOTIC: [2048] Declaration of Common\Model\NewsModel::find() should be compatible with that of Think\Model::find() D:\Software\PhpStudy\PhpStudy\WWW\Alumni\Application\Common\Model\NewsModel.class.php 第 9 行.
SQL: SHOW COLUMNS FROM `cms_news` [ RunTime:0.0259s ]
SQL: SELECT * FROM `cms_news` WHERE `status` = 1 ORDER BY count desc,news_id desc  LIMIT 10   [ RunTime:0.0007s ]
NOTIC: [2048] Declaration of Common\Model\PositionContentModel::find() should be compatible with that of Think\Model::find() D:\Software\PhpStudy\PhpStudy\WWW\Alumni\Application\Common\Model\PositionContentModel.class.php 第 89 行.
SQL: SHOW COLUMNS FROM `cms_position_content` [ RunTime:0.0046s ]
NOTIC: [8] Undefined index: title D:\Software\PhpStudy\PhpStudy\WWW\Alumni\Application\Common\Model\PositionContentModel.class.php 第 18 行.
SQL: SELECT * FROM `cms_position_content` WHERE `status` = 1 AND `position_id` = 2 ORDER BY listorder desc ,id desc LIMIT 1   [ RunTime:0.0006s ]
NOTIC: [8] Undefined index: title D:\Software\PhpStudy\PhpStudy\WWW\Alumni\Application\Common\Model\PositionContentModel.class.php 第 18 行.
SQL: SELECT * FROM `cms_position_content` WHERE `status` = 1 AND `position_id` = 3 ORDER BY listorder desc ,id desc LIMIT 3   [ RunTime:0.0004s ]
SQL: SELECT * FROM `cms_news` WHERE `status` = 1 AND `thumb` <> '' ORDER BY news_id desc LIMIT 30   [ RunTime:0.0007s ]
NOTIC: [8] Undefined index: title D:\Software\PhpStudy\PhpStudy\WWW\Alumni\Application\Common\Model\PositionContentModel.class.php 第 18 行.
SQL: SELECT * FROM `cms_position_content` WHERE `status` = 1 AND `position_id` = 5 ORDER BY listorder desc ,id desc LIMIT 2   [ RunTime:0.0005s ]
INFO: [ view_parse ] --START--
INFO: [ template_filter ] --START--
INFO: Run Behavior\ContentReplaceBehavior [ RunTime:0.000055s ]
INFO: [ template_filter ] --END-- [ RunTime:0.000116s ]
NOTIC: [2048] Declaration of Common\Model\BasicModel::save() should be compatible with that of Think\Model::save() D:\Software\PhpStudy\PhpStudy\WWW\Alumni\Application\Common\Model\BasicModel.class.php 第 30 行.
NOTIC: [2048] Declaration of Common\Model\BasicModel::select() should be compatible with that of Think\Model::select() D:\Software\PhpStudy\PhpStudy\WWW\Alumni\Application\Common\Model\BasicModel.class.php 第 30 行.
NOTIC: [2048] Declaration of Common\Model\MenuModel::find() should be compatible with that of Think\Model::find() D:\Software\PhpStudy\PhpStudy\WWW\Alumni\Application\Common\Model\MenuModel.class.php 第 92 行.
SQL: SHOW COLUMNS FROM `cms_menu` [ RunTime:0.0044s ]
SQL: SELECT * FROM `cms_menu` WHERE `status` = 1 AND `type` = 0 ORDER BY listorder desc,menu_id desc  [ RunTime:0.0007s ]
NOTIC: [8] Undefined index: name D:\Software\PhpStudy\PhpStudy\WWW\Alumni\Application\Runtime\Cache\Home\d6165860e348bd1744172611e9ec60e7.php 第 80 行.
NOTIC: [8] Undefined index: name D:\Software\PhpStudy\PhpStudy\WWW\Alumni\Application\Runtime\Cache\Home\d6165860e348bd1744172611e9ec60e7.php 第 80 行.
INFO: Run Behavior\ParseTemplateBehavior [ RunTime:0.021430s ]
INFO: [ view_parse ] --END-- [ RunTime:0.021488s ]
INFO: [ view_filter ] --START--
INFO: Run Behavior\WriteHtmlCacheBehavior [ RunTime:0.000612s ]
INFO: [ view_filter ] --END-- [ RunTime:0.000668s ]
INFO: [ app_end ] --START--
INFO: Run Behavior\ShowPageTraceBehavior [ RunTime:0.000619s ]
INFO: [ app_end ] --END-- [ RunTime:0.000669s ]

[ 2017-12-27T16:33:12+08:00 ] ::1 /index.php?c=index&a=getCount
INFO: [ app_init ] --START--
INFO: Run Behavior\BuildLiteBehavior [ RunTime:0.000028s ]
INFO: [ app_init ] --END-- [ RunTime:0.000560s ]
INFO: [ app_begin ] --START--
INFO: Run Behavior\ReadHtmlCacheBehavior [ RunTime:0.000887s ]
INFO: [ app_begin ] --END-- [ RunTime:0.001019s ]
NOTIC: [2048] Declaration of Home\Controller\CommonController::error() should be compatible with that of Think\Controller::error() D:\Software\PhpStudy\PhpStudy\WWW\Alumni\Application\Home\Controller\CommonController.class.php 第 24 行.
NOTIC: [2048] Declaration of Common\Model\NewsModel::find() should be compatible with that of Think\Model::find() D:\Software\PhpStudy\PhpStudy\WWW\Alumni\Application\Common\Model\NewsModel.class.php 第 9 行.
SQL: SHOW COLUMNS FROM `cms_news` [ RunTime:0.0093s ]
SQL: SELECT * FROM `cms_news` WHERE `news_id` IN ('24','23','22','21')  [ RunTime:0.0013s ]

